select * from tpch_cleanup();
 tpch_cleanup 
--------------
 t
(1 row)

select * from dbgen(0.5);
   tab    | row_count 
----------+-----------
 region   |         5
 nation   |        25
 supplier |      5000
 customer |     75000
 part     |    100000
 partsupp |    400000
 orders   |    750000
 lineitem |   2999671
(8 rows)

-- select * from tpch;
-- select * from tpch;
-- select * from tpch(1,1,1);
-- select * from tpch(2,2,2);
select count(*) from  customer;
 count 
-------
 75000
(1 row)

select count(*) from  lineitem;
  count  
---------
 2999671
(1 row)

select count(*) from  nation;
 count 
-------
    25
(1 row)

select count(*) from  orders;
 count  
--------
 750000
(1 row)

select count(*) from  part;
 count  
--------
 100000
(1 row)

select count(*) from  partsupp;
 count  
--------
 400000
(1 row)

select count(*) from  region;
 count 
-------
     5
(1 row)

select count(*) from  supplier;
 count 
-------
  5000
(1 row)

