select * from tpch_cleanup();
 tpch_cleanup 
--------------
 t
(1 row)

select * from dbgen(0.1);
   tab    | row_count 
----------+-----------
 region   |         5
 nation   |        25
 supplier |      1000
 customer |     15000
 part     |     20000
 partsupp |     80000
 orders   |    150000
 lineitem |    600572
(8 rows)

-- select * from tpch;
-- select * from tpch;
-- select * from tpch(1,1,1);
-- select * from tpch(2,2,2);
select count(*) from  customer;
 count 
-------
 15000
(1 row)

select count(*) from  lineitem;
 count  
--------
 600572
(1 row)

select count(*) from  nation;
 count 
-------
    25
(1 row)

select count(*) from  orders;
 count  
--------
 150000
(1 row)

select count(*) from  part;
 count 
-------
 20000
(1 row)

select count(*) from  partsupp;
 count 
-------
 80000
(1 row)

select count(*) from  region;
 count 
-------
     5
(1 row)

select count(*) from  supplier;
 count 
-------
  1000
(1 row)

